<?xml version="1.0" encoding="UTF-8" ?>
<testsuites errors="1"
            failures="1"
            tests="2">

  <testsuite name="nightwatch.google"
    errors="1" failures="1" hostname="" id="" package="google" skipped="0"
    tests="2" time="26.80" timestamp="">
  
    <testcase name="Google title test" classname="nightwatch.google" time="2.796" assertions="1">

    
    </testcase>
  
    <testcase name="Google search test" classname="nightwatch.google" time="10.60" assertions="1">  <failure message="Timed out while waiting for element &lt;#main&gt; to be present for 5000 milliseconds. - expected &#34;visible&#34; but got: &#34;not found&#34; (5256ms)">    at Object.Google search test (C:\Users\Alejandro Niebla\Documents\Projects\NigthwatchTutorial\nightwatch\google.ts:16:8)</failure>

    
    <error message="Timed out while waiting for element &lt;#main&gt; to be present for 5000 milliseconds. - expected [0;32m&#34;visible&#34;[0m but got: [0;31m&#34;not found&#34;[0m [0;90m(5256ms)[0m" type="error"><![CDATA[
    Error
    at Object.Google search test (C:\Users\Alejandro Niebla\Documents\Projects\NigthwatchTutorial\nightwatch\google.ts:16:8)
    at Context.call (C:\Users\Alejandro Niebla\Documents\Projects\NigthwatchTutorial\node_modules\nightwatch\lib\testsuite\context.js:505:35)
    at TestCase.run (C:\Users\Alejandro Niebla\Documents\Projects\NigthwatchTutorial\node_modules\nightwatch\lib\testsuite\testcase.js:58:31)
    at Runnable.__runFn (C:\Users\Alejandro Niebla\Documents\Projects\NigthwatchTutorial\node_modules\nightwatch\lib\testsuite\index.js:799:80)
    at Runnable.run (C:\Users\Alejandro Niebla\Documents\Projects\NigthwatchTutorial\node_modules\nightwatch\lib\testsuite\runnable.js:126:21)
    at TestSuite.executeRunnable (C:\Users\Alejandro Niebla\Documents\Projects\NigthwatchTutorial\node_modules\nightwatch\lib\testsuite\index.js:953:49)
    at TestSuite.handleRunnable (C:\Users\Alejandro Niebla\Documents\Projects\NigthwatchTutorial\node_modules\nightwatch\lib\testsuite\index.js:968:33)
    at C:\Users\Alejandro Niebla\Documents\Projects\NigthwatchTutorial\node_modules\nightwatch\lib\testsuite\index.js:799:21
    at async DefaultRunner.runTestSuite (C:\Users\Alejandro Niebla\Documents\Projects\NigthwatchTutorial\node_modules\nightwatch\lib\runner\test-runners\default.js:83:7)
    at async DefaultRunner.promiseFn (C:\Users\Alejandro Niebla\Documents\Projects\NigthwatchTutorial\node_modules\nightwatch\lib\runner\test-runners\default.js:101:7)
    ]]></error>
    
    </testcase>
  

  
    <system-err>
       NoSuchElementError
   An element could not be located on the page using the given search parameters.

    Try fixing by :
    1. Please inspect the html before the step
    2. Verify if an element with the mentioned selector is present in the DOM tree

    Error location:
    C:\Users\Alejandro Niebla\Documents\Projects\NigthwatchTutorial\nightwatch\google.ts:
    ––––––––––––––––––––––––––––––––––––––––––––––––––––––––––––––––––––––––––––––––––––––
     8 |   &#39;Google search test&#39;: () =&gt; {
     9 |     browser
     10 |       .setValue(&#39;input[name=q]&#39;, &#39;nightwatchjs&#39;) 
     11 |       .perform(function(this: any) {
     12 |         const actions = this.actions({async: true});
    ––––––––––––––––––––––––––––––––––––––––––––––––––––––––––––––––––––––––––––––––––––––

 NoSuchElementError
   An element could not be located on the page using the given search parameters.
    {&#34;error&#34;:{&#34;name&#34;:&#34;InvalidArgumentError&#34;,&#34;remoteStacktrace&#34;:&#34;&#34;},&#34;status&#34;:-1,&#34;value&#34;:null}

    Try fixing by :
    1. Please inspect the html before the step
    2. Verify if an element with the mentioned selector is present in the DOM tree

    Error location:
    C:\Users\Alejandro Niebla\Documents\Projects\NigthwatchTutorial\nightwatch\mobile-app-tests\wikipedia-android.ts:
    ––––––––––––––––––––––––––––––––––––––––––––––––––––––––––––––––––––––––––––––––––––––––––––––––––––––––––––––––––
     3 | describe(&#39;Wikipedia Android app test&#39;, function() {
     4 |   before(function(app: NightwatchAPI) {
     5 |     app.click(&#39;id&#39;, &#39;org.wikipedia:id/fragment_onboarding_skip_button&#39;); 
     6 |   });
     7 | 
    ––––––––––––––––––––––––––––––––––––––––––––––––––––––––––––––––––––––––––––––––––––––––––––––––––––––––––––––––––

 NoSuchElementError
   An element could not be located on the page using the given search parameters.
    {&#34;error&#34;:{&#34;name&#34;:&#34;InvalidArgumentError&#34;,&#34;remoteStacktrace&#34;:&#34;&#34;},&#34;status&#34;:-1,&#34;value&#34;:null}

    Try fixing by :
    1. Please inspect the html before the step
    2. Verify if an element with the mentioned selector is present in the DOM tree

    Error location:
    C:\Users\Alejandro Niebla\Documents\Projects\NigthwatchTutorial\nightwatch\mobile-app-tests\wikipedia-android.ts:
    ––––––––––––––––––––––––––––––––––––––––––––––––––––––––––––––––––––––––––––––––––––––––––––––––––––––––––––––––––
     8 |   it(&#39;Search for BrowserStack&#39;, async function(app: NightwatchAPI) {
     9 |     app
     10 |       .click(&#39;id&#39;, &#39;org.wikipedia:id/search_container&#39;) 
     11 |       .sendKeys(&#39;id&#39;, &#39;org.wikipedia:id/search_src_text&#39;, &#39;browserstack&#39;)
     12 |       .click({selector: &#39;org.wikipedia:id/page_list_item_title&#39;, locateStrategy: &#39;id&#39;, index: 0})
    ––––––––––––––––––––––––––––––––––––––––––––––––––––––––––––––––––––––––––––––––––––––––––––––––––––––––––––––––––

 NoSuchElementError
   An element could not be located on the page using the given search parameters.
    {&#34;error&#34;:{&#34;name&#34;:&#34;InvalidArgumentError&#34;,&#34;remoteStacktrace&#34;:&#34;&#34;},&#34;status&#34;:-1,&#34;value&#34;:null}

    Try fixing by :
    1. Please inspect the html before the step
    2. Verify if an element with the mentioned selector is present in the DOM tree

    Error location:
    C:\Users\Alejandro Niebla\Documents\Projects\NigthwatchTutorial\nightwatch\mobile-app-tests\wikipedia-android.ts:
    ––––––––––––––––––––––––––––––––––––––––––––––––––––––––––––––––––––––––––––––––––––––––––––––––––––––––––––––––––
     9 |     app
     10 |       .click(&#39;id&#39;, &#39;org.wikipedia:id/search_container&#39;)
     11 |       .sendKeys(&#39;id&#39;, &#39;org.wikipedia:id/search_src_text&#39;, &#39;browserstack&#39;) 
     12 |       .click({selector: &#39;org.wikipedia:id/page_list_item_title&#39;, locateStrategy: &#39;id&#39;, index: 0})
     13 |       .waitUntil(async function() {
    ––––––––––––––––––––––––––––––––––––––––––––––––––––––––––––––––––––––––––––––––––––––––––––––––––––––––––––––––––

 NoSuchElementError
   An element could not be located on the page using the given search parameters.
    {&#34;error&#34;:{&#34;name&#34;:&#34;InvalidArgumentError&#34;,&#34;remoteStacktrace&#34;:&#34;&#34;},&#34;status&#34;:-1,&#34;value&#34;:null}

    Try fixing by :
    1. Please inspect the html before the step
    2. Verify if an element with the mentioned selector is present in the DOM tree

    Error location:
    C:\Users\Alejandro Niebla\Documents\Projects\NigthwatchTutorial\nightwatch\mobile-app-tests\wikipedia-android.ts:
    ––––––––––––––––––––––––––––––––––––––––––––––––––––––––––––––––––––––––––––––––––––––––––––––––––––––––––––––––––
     10 |       .click(&#39;id&#39;, &#39;org.wikipedia:id/search_container&#39;)
     11 |       .sendKeys(&#39;id&#39;, &#39;org.wikipedia:id/search_src_text&#39;, &#39;browserstack&#39;)
     12 |       .click({selector: &#39;org.wikipedia:id/page_list_item_title&#39;, locateStrategy: &#39;id&#39;, index: 0}) 
     13 |       .waitUntil(async function() {
     14 |         // wait for webview context to be available
    ––––––––––––––––––––––––––––––––––––––––––––––––––––––––––––––––––––––––––––––––––––––––––––––––––––––––––––––––––

    </system-err>
  

    

  
  </testsuite>
</testsuites>
